0 info it worked if it ends with ok
1 verbose cli [ '/usr/bin/nodejs', '/usr/bin/npm', 'search', 'irc' ]
2 info using npm@1.2.18
3 info using node@v0.10.15
4 verbose url raw /-/all/since?stale=update_after&startkey=1404056356076
5 verbose url resolving [ 'https://registry.npmjs.org/',
5 verbose url resolving   './-/all/since?stale=update_after&startkey=1404056356076' ]
6 verbose url resolved https://registry.npmjs.org/-/all/since?stale=update_after&startkey=1404056356076
7 info trying registry request attempt 1 at 16:41:49
8 http GET https://registry.npmjs.org/-/all/since?stale=update_after&startkey=1404056356076
9 http 200 https://registry.npmjs.org/-/all/since?stale=update_after&startkey=1404056356076
10 error Error: EACCES, open '/home/rclifford/.npm/-/all/.cache.json'
10 error  { [Error: EACCES, open '/home/rclifford/.npm/-/all/.cache.json']
10 error   errno: 3,
10 error   code: 'EACCES',
10 error   path: '/home/rclifford/.npm/-/all/.cache.json' }
11 error Please try running this command again as root/Administrator.
12 error System Linux 3.11.0-12-generic
13 error command "/usr/bin/nodejs" "/usr/bin/npm" "search" "irc"
14 error cwd /home/rclifford/Desktop/IRCbot
15 error node -v v0.10.15
16 error npm -v 1.2.18
17 error path /home/rclifford/.npm/-/all/.cache.json
18 error code EACCES
19 error errno 3
20 error stack Error: EACCES, open '/home/rclifford/.npm/-/all/.cache.json'
21 verbose exit [ 3, true ]
